[2025-11-24 13:30:38] ======================================================================
[2025-11-24 13:30:38] PROGRESSIVE FMA TRAINING - BASE MODE
[2025-11-24 13:30:38] ======================================================================
[2025-11-24 13:30:38] Device: cuda
[2025-11-24 13:30:38] GPU: Orin
[2025-11-24 13:30:42] Train: 799, Val: 200
[2025-11-24 13:30:44] 
======================================================================
[2025-11-24 13:30:44] TRAINING CONFIGURATION - fma_base
[2025-11-24 13:30:44] ======================================================================
[2025-11-24 13:30:44] mode: base
[2025-11-24 13:30:44] model: ProgressiveClassifier
[2025-11-24 13:30:44] dataset: FMA
[2025-11-24 13:30:44] num_classes: 10
[2025-11-24 13:30:44] train_samples: 799
[2025-11-24 13:30:44] val_samples: 200
[2025-11-24 13:30:44] batch_size: 2
[2025-11-24 13:30:44] epochs: 2
[2025-11-24 13:30:44] learning_rate: 0.001
[2025-11-24 13:30:44] pretrained: None
[2025-11-24 13:30:44] model_parameters: 17506058
[2025-11-24 13:30:44] trainable_parameters: 17506058
[2025-11-24 13:30:44] timestamp: 2025-11-24T13:30:44.846722
[2025-11-24 13:30:44] ======================================================================

[2025-11-24 13:30:44] 
Training started...
